[10:58:17.739] [INFO   ] thread main starting.
[10:58:17.746] [SEVERE ] cannot read configuration file config.properties trying from resources.
[10:58:17.747] [SEVERE ] configuration file was loaded from resources directory.
[10:58:18.572] [INFO   ] thread dealer starting.
[10:58:18.572] [INFO   ] Thread dealer starting.
[10:58:18.594] [SEVERE ] placing card 41 in slot 1
[10:58:18.625] [SEVERE ] placing card 8 in slot 4
[10:58:18.640] [SEVERE ] placing card 75 in slot 5
[10:58:18.671] [SEVERE ] placing card 42 in slot 10
[10:58:18.687] [SEVERE ] placing card 44 in slot 7
[10:58:18.702] [SEVERE ] placing card 6 in slot 8
[10:58:18.717] [SEVERE ] placing card 70 in slot 11
[10:58:18.732] [SEVERE ] placing card 71 in slot 0
[10:58:18.748] [SEVERE ] placing card 57 in slot 9
[10:58:18.763] [SEVERE ] placing card 43 in slot 6
[10:58:18.778] [SEVERE ] placing card 55 in slot 2
[10:58:18.793] [SEVERE ] placing card 49 in slot 3
[10:58:18.795] [SEVERE ] updating countdown to 35000
[10:58:18.795] [INFO   ] Thread 0starting.
[10:58:18.795] [INFO   ] Thread 1starting.
[10:58:19.805] [SEVERE ] updating countdown to 34492
[10:58:20.817] [SEVERE ] updating countdown to 33480
[10:58:21.818] [SEVERE ] updating countdown to 32479
[10:58:22.828] [SEVERE ] updating countdown to 31469
[10:58:23.844] [SEVERE ] updating countdown to 30453
[10:58:24.846] [SEVERE ] updating countdown to 29451
[10:58:25.861] [SEVERE ] updating countdown to 28436
[10:58:26.876] [SEVERE ] updating countdown to 27421
[10:58:27.880] [SEVERE ] updating countdown to 26417
[10:58:28.895] [SEVERE ] updating countdown to 25402
[10:58:29.909] [SEVERE ] updating countdown to 24388
[10:58:30.913] [SEVERE ] updating countdown to 23384
[10:58:31.914] [SEVERE ] updating countdown to 22383
[10:58:32.923] [SEVERE ] updating countdown to 21374
[10:58:33.928] [SEVERE ] updating countdown to 20369
[10:58:34.941] [SEVERE ] updating countdown to 19356
[10:58:35.944] [SEVERE ] updating countdown to 18353
[10:58:36.947] [SEVERE ] updating countdown to 17350
[10:58:37.961] [SEVERE ] updating countdown to 16336
[10:58:38.972] [SEVERE ] updating countdown to 15325
[10:58:39.983] [SEVERE ] updating countdown to 14314
[10:58:40.996] [SEVERE ] updating countdown to 13301
[10:58:42.002] [SEVERE ] updating countdown to 12295
[10:58:43.007] [SEVERE ] updating countdown to 11290
[10:58:44.007] [SEVERE ] updating countdown to 10290
[10:58:44.433] [SEVERE ] key 70 was pressed by player 1
[10:58:44.434] [SEVERE ] player 1 placing token on slot 7
[10:58:45.012] [SEVERE ] updating countdown to 9285
[10:58:45.864] [SEVERE ] key 68 was pressed by player 1
[10:58:45.864] [SEVERE ] player 1 placing token on slot 6
[10:58:46.013] [SEVERE ] updating countdown to 8284
[10:58:47.016] [SEVERE ] updating countdown to 7281
[10:58:47.044] [SEVERE ] key 67 was pressed by player 1
[10:58:47.044] [SEVERE ] player 1 placing token on slot 10
[10:58:47.051] [SEVERE ] updating countdown to 7246
[10:58:47.051] [SEVERE ] removing tokens from slot 10
[10:58:47.063] [SEVERE ] removing card from slot 10
[10:58:47.063] [SEVERE ] removing tokens from slot 6
[10:58:47.077] [SEVERE ] removing card from slot 6
[10:58:47.077] [SEVERE ] removing tokens from slot 7
[10:58:47.092] [SEVERE ] removing card from slot 7
[10:58:47.108] [SEVERE ] placing card 53 in slot 10
[10:58:47.124] [SEVERE ] placing card 0 in slot 6
[10:58:47.140] [SEVERE ] placing card 13 in slot 7
[10:58:47.140] [SEVERE ] updating countdown to 35000
[10:58:47.140] [SEVERE ] setting player 1 freeze to 2
[10:58:47.144] [SEVERE ] setting player 1 score to 1
[10:58:47.144] [SEVERE ] setting player 1 freeze to 0
[10:58:48.231] [SEVERE ] updating countdown to 33909
[10:58:49.240] [SEVERE ] updating countdown to 32900
[10:58:50.254] [SEVERE ] updating countdown to 31886
[10:58:51.259] [SEVERE ] updating countdown to 30881
[10:58:52.262] [SEVERE ] updating countdown to 29878
[10:58:53.263] [SEVERE ] updating countdown to 28877
[10:58:54.272] [SEVERE ] updating countdown to 27868
[10:58:55.287] [SEVERE ] updating countdown to 26853
[10:58:56.290] [SEVERE ] updating countdown to 25850
[10:58:57.301] [SEVERE ] updating countdown to 24839
[10:58:58.308] [SEVERE ] updating countdown to 23832
[10:58:58.539] [SEVERE ] key 82 was pressed by player 1
[10:58:58.540] [SEVERE ] player 1 placing token on slot 3
[10:58:59.314] [SEVERE ] updating countdown to 22826
[10:58:59.354] [SEVERE ] key 82 was pressed by player 1
[10:58:59.355] [SEVERE ] removing player 1 token from slot 3
[10:58:59.880] [SEVERE ] key 69 was pressed by player 1
[10:58:59.880] [SEVERE ] player 1 placing token on slot 2
[10:59:00.327] [SEVERE ] updating countdown to 21813
[10:59:00.519] [SEVERE ] key 81 was pressed by player 1
[10:59:00.519] [SEVERE ] player 1 placing token on slot 0
[10:59:01.110] [SEVERE ] key 68 was pressed by player 1
[10:59:01.111] [SEVERE ] player 1 placing token on slot 6
[10:59:01.111] [SEVERE ] updating countdown to 21029
[10:59:01.111] [SEVERE ] setting player 1 freeze to 0
[10:59:01.328] [SEVERE ] updating countdown to 20812
[10:59:01.729] [SEVERE ] key 68 was pressed by player 1
[10:59:01.730] [SEVERE ] removing player 1 token from slot 6
[10:59:02.036] [SEVERE ] key 83 was pressed by player 1
[10:59:02.037] [SEVERE ] player 1 placing token on slot 5
[10:59:02.037] [SEVERE ] updating countdown to 20103
[10:59:02.037] [SEVERE ] removing tokens from slot 5
[10:59:02.048] [SEVERE ] removing card from slot 5
[10:59:02.048] [SEVERE ] removing tokens from slot 0
[10:59:02.064] [SEVERE ] removing card from slot 0
[10:59:02.064] [SEVERE ] removing tokens from slot 2
[10:59:02.080] [SEVERE ] removing card from slot 2
[10:59:02.095] [SEVERE ] placing card 24 in slot 5
[10:59:02.110] [SEVERE ] placing card 40 in slot 0
[10:59:02.126] [SEVERE ] placing card 63 in slot 2
[10:59:02.126] [SEVERE ] updating countdown to 35000
[10:59:02.126] [SEVERE ] setting player 1 freeze to 2
[10:59:02.130] [SEVERE ] setting player 1 score to 2
[10:59:02.130] [SEVERE ] setting player 1 freeze to 0
[10:59:03.217] [SEVERE ] updating countdown to 33909
[10:59:04.226] [SEVERE ] updating countdown to 32900
[10:59:05.231] [SEVERE ] updating countdown to 31895
[10:59:06.241] [SEVERE ] updating countdown to 30885
[10:59:07.248] [SEVERE ] updating countdown to 29878
[10:59:08.261] [SEVERE ] updating countdown to 28865
[10:59:09.271] [SEVERE ] updating countdown to 27855
[10:59:10.273] [SEVERE ] updating countdown to 26853
[10:59:11.276] [SEVERE ] updating countdown to 25850
[10:59:12.289] [SEVERE ] updating countdown to 24837
[10:59:13.292] [SEVERE ] updating countdown to 23834
[10:59:14.305] [SEVERE ] updating countdown to 22821
[10:59:15.318] [SEVERE ] updating countdown to 21808
[10:59:16.332] [SEVERE ] updating countdown to 20794
[10:59:17.343] [SEVERE ] updating countdown to 19783
[10:59:18.349] [SEVERE ] updating countdown to 18777
[10:59:19.353] [SEVERE ] updating countdown to 17773
[10:59:20.367] [SEVERE ] updating countdown to 16759
[10:59:21.378] [SEVERE ] updating countdown to 15748
[10:59:22.386] [SEVERE ] updating countdown to 14740
[10:59:23.393] [SEVERE ] updating countdown to 13733
[10:59:24.400] [SEVERE ] updating countdown to 12726
[10:59:25.404] [SEVERE ] updating countdown to 11723
[10:59:26.415] [SEVERE ] updating countdown to 10711
[10:59:27.425] [SEVERE ] updating countdown to 9701
[10:59:28.440] [SEVERE ] updating countdown to 8686
[10:59:29.442] [SEVERE ] updating countdown to 7684
[10:59:30.443] [SEVERE ] updating countdown to 6683
[10:59:31.454] [SEVERE ] updating countdown to 5672
[10:59:32.467] [SEVERE ] updating countdown to 4659
[10:59:33.469] [SEVERE ] updating countdown to 3657
[10:59:34.476] [SEVERE ] updating countdown to 2650
[10:59:35.492] [SEVERE ] updating countdown to 1634
[10:59:36.504] [SEVERE ] updating countdown to 622
[10:59:37.507] [SEVERE ] updating countdown to -381
[10:59:37.507] [SEVERE ] updating countdown to 35500
[10:59:37.507] [SEVERE ] removing all tokens
[10:59:37.523] [SEVERE ] removing card from slot 11
[10:59:37.539] [SEVERE ] removing card from slot 7
[10:59:37.554] [SEVERE ] removing card from slot 1
[10:59:37.570] [SEVERE ] removing card from slot 6
[10:59:37.586] [SEVERE ] removing card from slot 0
[10:59:37.602] [SEVERE ] removing card from slot 4
[10:59:37.617] [SEVERE ] removing card from slot 5
[10:59:37.632] [SEVERE ] removing card from slot 3
[10:59:37.647] [SEVERE ] removing card from slot 9
[10:59:37.663] [SEVERE ] removing card from slot 10
[10:59:37.678] [SEVERE ] removing card from slot 8
[10:59:37.694] [SEVERE ] removing card from slot 2
[10:59:37.709] [SEVERE ] placing card 25 in slot 1
[10:59:37.724] [SEVERE ] placing card 53 in slot 7
[10:59:37.739] [SEVERE ] placing card 74 in slot 0
[10:59:37.755] [SEVERE ] placing card 9 in slot 6
[10:59:37.771] [SEVERE ] placing card 28 in slot 8
[10:59:37.786] [SEVERE ] placing card 23 in slot 3
[10:59:37.801] [SEVERE ] placing card 52 in slot 9
[10:59:37.817] [SEVERE ] placing card 56 in slot 4
[10:59:37.832] [SEVERE ] placing card 79 in slot 10
[10:59:37.848] [SEVERE ] placing card 47 in slot 2
[10:59:37.863] [SEVERE ] placing card 45 in slot 5
[10:59:37.879] [SEVERE ] placing card 51 in slot 11
[10:59:37.879] [SEVERE ] updating countdown to 35000
[10:59:38.886] [SEVERE ] updating countdown to 34493
[10:59:39.895] [SEVERE ] updating countdown to 33484
[10:59:40.897] [SEVERE ] updating countdown to 32482
[10:59:41.902] [SEVERE ] updating countdown to 31477
[10:59:42.912] [SEVERE ] updating countdown to 30467
[10:59:43.924] [SEVERE ] updating countdown to 29455
[10:59:44.930] [SEVERE ] updating countdown to 28449
[10:59:45.941] [SEVERE ] updating countdown to 27438
[10:59:46.000] [SEVERE ] key 82 was pressed by player 1
[10:59:46.000] [SEVERE ] player 1 placing token on slot 3
[10:59:46.942] [SEVERE ] updating countdown to 26437
[10:59:47.639] [SEVERE ] key 83 was pressed by player 1
[10:59:47.639] [SEVERE ] player 1 placing token on slot 5
[10:59:47.949] [SEVERE ] updating countdown to 25430
[10:59:48.919] [SEVERE ] key 67 was pressed by player 1
[10:59:48.919] [SEVERE ] player 1 placing token on slot 10
[10:59:48.920] [SEVERE ] updating countdown to 24459
[10:59:48.920] [SEVERE ] removing tokens from slot 10
[10:59:48.945] [SEVERE ] removing card from slot 10
[10:59:48.945] [SEVERE ] removing tokens from slot 5
[10:59:48.960] [SEVERE ] removing card from slot 5
[10:59:48.960] [SEVERE ] removing tokens from slot 3
[10:59:48.976] [SEVERE ] removing card from slot 3
[10:59:48.992] [SEVERE ] placing card 0 in slot 10
[10:59:49.008] [SEVERE ] placing card 39 in slot 5
[10:59:49.024] [SEVERE ] placing card 4 in slot 3
[10:59:49.024] [SEVERE ] updating countdown to 35000
[10:59:49.024] [SEVERE ] setting player 1 freeze to 2
[10:59:49.027] [SEVERE ] setting player 1 score to 3
[10:59:49.028] [SEVERE ] setting player 1 freeze to 0
[10:59:50.129] [SEVERE ] updating countdown to 33895
[10:59:51.132] [SEVERE ] updating countdown to 32892
[10:59:52.146] [SEVERE ] updating countdown to 31878
[10:59:53.155] [SEVERE ] updating countdown to 30870
[10:59:54.170] [SEVERE ] updating countdown to 29854
[10:59:55.181] [SEVERE ] updating countdown to 28843
[10:59:56.193] [SEVERE ] updating countdown to 27831
[10:59:57.202] [SEVERE ] updating countdown to 26822
[10:59:58.214] [SEVERE ] updating countdown to 25810
[10:59:59.225] [SEVERE ] updating countdown to 24799
[11:00:00.235] [SEVERE ] updating countdown to 23789
[11:00:01.241] [SEVERE ] updating countdown to 22783
[11:00:02.255] [SEVERE ] updating countdown to 21769
[11:00:03.260] [SEVERE ] updating countdown to 20764
[11:00:04.264] [SEVERE ] updating countdown to 19760
[11:00:05.268] [SEVERE ] updating countdown to 18756
[11:00:06.274] [SEVERE ] updating countdown to 17750
[11:00:07.287] [SEVERE ] updating countdown to 16737
[11:00:08.289] [SEVERE ] updating countdown to 15735
[11:00:09.302] [SEVERE ] updating countdown to 14722
[11:00:10.309] [SEVERE ] updating countdown to 13715
[11:00:11.314] [SEVERE ] updating countdown to 12710
[11:00:12.326] [SEVERE ] updating countdown to 11698
[11:00:13.341] [SEVERE ] updating countdown to 10683
[11:00:13.520] [SEVERE ] key 67 was pressed by player 1
[11:00:13.520] [SEVERE ] player 1 placing token on slot 10
[11:00:14.353] [SEVERE ] updating countdown to 9671
[11:00:14.399] [SEVERE ] key 90 was pressed by player 1
[11:00:14.399] [SEVERE ] player 1 placing token on slot 8
[11:00:14.721] [SEVERE ] key 65 was pressed by player 1
[11:00:14.721] [SEVERE ] player 1 placing token on slot 4
[11:00:14.721] [SEVERE ] updating countdown to 9303
[11:00:14.721] [SEVERE ] removing tokens from slot 4
[11:00:14.746] [SEVERE ] removing card from slot 4
[11:00:14.746] [SEVERE ] removing tokens from slot 8
[11:00:14.761] [SEVERE ] removing card from slot 8
[11:00:14.761] [SEVERE ] removing tokens from slot 10
[11:00:14.777] [SEVERE ] removing card from slot 10
[11:00:14.793] [SEVERE ] placing card 7 in slot 4
[11:00:14.809] [SEVERE ] placing card 37 in slot 8
[11:00:14.825] [SEVERE ] placing card 66 in slot 10
[11:00:14.825] [SEVERE ] updating countdown to 35000
[11:00:14.825] [SEVERE ] setting player 1 freeze to 2
[11:00:14.828] [SEVERE ] setting player 1 score to 4
[11:00:14.828] [SEVERE ] setting player 1 freeze to 0
[11:00:15.929] [SEVERE ] updating countdown to 33896
[11:00:16.933] [SEVERE ] updating countdown to 32892
[11:00:17.937] [SEVERE ] updating countdown to 31888
[11:00:18.950] [SEVERE ] updating countdown to 30875
[11:00:19.957] [SEVERE ] updating countdown to 29868
[11:00:20.971] [SEVERE ] updating countdown to 28854
[11:00:21.975] [SEVERE ] updating countdown to 27850
[11:00:22.990] [SEVERE ] updating countdown to 26835
[11:00:24.004] [SEVERE ] updating countdown to 25821
[11:00:25.005] [SEVERE ] updating countdown to 24820
[11:00:26.015] [SEVERE ] updating countdown to 23810
[11:00:27.029] [SEVERE ] updating countdown to 22796
[11:00:28.035] [SEVERE ] updating countdown to 21790
[11:00:29.037] [SEVERE ] updating countdown to 20788
[11:00:30.048] [SEVERE ] updating countdown to 19777
[11:00:31.055] [SEVERE ] updating countdown to 18770
[11:00:32.058] [SEVERE ] updating countdown to 17767
[11:00:33.069] [SEVERE ] updating countdown to 16756
[11:00:34.081] [SEVERE ] updating countdown to 15744
[11:00:35.088] [SEVERE ] updating countdown to 14737
[11:00:36.103] [SEVERE ] updating countdown to 13722
[11:00:37.117] [SEVERE ] updating countdown to 12708
[11:00:38.124] [SEVERE ] updating countdown to 11701
[11:00:39.136] [SEVERE ] updating countdown to 10689
[11:00:40.148] [SEVERE ] updating countdown to 9677
[11:00:41.156] [SEVERE ] updating countdown to 8669
[11:00:42.171] [SEVERE ] updating countdown to 7654
[11:00:43.179] [SEVERE ] updating countdown to 6646
[11:00:44.192] [SEVERE ] updating countdown to 5633
[11:00:45.207] [SEVERE ] updating countdown to 4618
[11:00:46.212] [SEVERE ] updating countdown to 3613
[11:00:47.227] [SEVERE ] updating countdown to 2598
[11:00:48.233] [SEVERE ] updating countdown to 1592
[11:00:49.246] [SEVERE ] updating countdown to 579
[11:00:50.248] [SEVERE ] updating countdown to -423
[11:00:50.248] [SEVERE ] updating countdown to 35500
[11:00:50.248] [SEVERE ] removing all tokens
[11:00:50.263] [SEVERE ] removing card from slot 0
[11:00:50.278] [SEVERE ] removing card from slot 7
[11:00:50.294] [SEVERE ] removing card from slot 8
[11:00:50.309] [SEVERE ] removing card from slot 6
[11:00:50.324] [SEVERE ] removing card from slot 3
[11:00:50.340] [SEVERE ] removing card from slot 11
[11:00:50.355] [SEVERE ] removing card from slot 1
[11:00:50.371] [SEVERE ] removing card from slot 9
[11:00:50.387] [SEVERE ] removing card from slot 10
[11:00:50.402] [SEVERE ] removing card from slot 2
[11:00:50.417] [SEVERE ] removing card from slot 4
[11:00:50.432] [SEVERE ] removing card from slot 5
[11:00:50.448] [SEVERE ] placing card 31 in slot 3
[11:00:50.463] [SEVERE ] placing card 5 in slot 6
[11:00:50.479] [SEVERE ] placing card 27 in slot 2
[11:00:50.493] [SEVERE ] placing card 14 in slot 5
[11:00:50.509] [SEVERE ] placing card 57 in slot 9
[11:00:50.525] [SEVERE ] placing card 49 in slot 0
[11:00:50.540] [SEVERE ] placing card 35 in slot 10
[11:00:50.555] [SEVERE ] placing card 26 in slot 11
[11:00:50.570] [SEVERE ] placing card 80 in slot 8
[11:00:50.585] [SEVERE ] placing card 20 in slot 4
[11:00:50.600] [SEVERE ] placing card 63 in slot 1
[11:00:50.616] [SEVERE ] placing card 70 in slot 7
[11:00:50.616] [SEVERE ] updating countdown to 35000
[11:00:51.622] [SEVERE ] updating countdown to 34495
[11:00:52.632] [SEVERE ] updating countdown to 33485
[11:00:53.647] [SEVERE ] updating countdown to 32470
[11:00:54.655] [SEVERE ] updating countdown to 31462
[11:00:55.668] [SEVERE ] updating countdown to 30449
[11:00:56.670] [SEVERE ] updating countdown to 29447
[11:00:57.677] [SEVERE ] updating countdown to 28440
[11:00:58.690] [SEVERE ] updating countdown to 27427
[11:00:59.702] [SEVERE ] updating countdown to 26415
[11:01:00.716] [SEVERE ] updating countdown to 25401
[11:01:01.728] [SEVERE ] updating countdown to 24389
[11:01:02.733] [SEVERE ] updating countdown to 23384
[11:01:03.741] [SEVERE ] updating countdown to 22376
[11:01:04.744] [SEVERE ] updating countdown to 21373
[11:01:05.754] [SEVERE ] updating countdown to 20363
[11:01:06.763] [SEVERE ] updating countdown to 19354
[11:01:07.765] [SEVERE ] updating countdown to 18352
[11:01:08.609] [SEVERE ] key 86 was pressed by player 1
[11:01:08.610] [SEVERE ] player 1 placing token on slot 11
[11:01:08.778] [SEVERE ] updating countdown to 17339
[11:01:09.789] [SEVERE ] updating countdown to 16328
[11:01:10.323] [SEVERE ] key 82 was pressed by player 1
[11:01:10.324] [SEVERE ] player 1 placing token on slot 3
[11:01:10.804] [SEVERE ] updating countdown to 15313
[11:01:11.661] [SEVERE ] key 87 was pressed by player 1
[11:01:11.662] [SEVERE ] player 1 placing token on slot 1
[11:01:11.662] [SEVERE ] updating countdown to 14455
[11:01:11.662] [SEVERE ] removing tokens from slot 1
[11:01:11.680] [SEVERE ] removing card from slot 1
[11:01:11.680] [SEVERE ] removing tokens from slot 3
[11:01:11.695] [SEVERE ] removing card from slot 3
[11:01:11.695] [SEVERE ] removing tokens from slot 11
[11:01:11.710] [SEVERE ] removing card from slot 11
[11:01:11.725] [SEVERE ] placing card 16 in slot 1
[11:01:11.740] [SEVERE ] placing card 15 in slot 3
[11:01:11.755] [SEVERE ] placing card 17 in slot 11
[11:01:11.755] [SEVERE ] updating countdown to 35000
[11:01:11.755] [SEVERE ] setting player 1 freeze to 2
[11:01:11.758] [SEVERE ] setting player 1 score to 5
[11:01:11.758] [SEVERE ] setting player 1 freeze to 0
[11:01:12.849] [SEVERE ] updating countdown to 33906
[11:01:13.863] [SEVERE ] updating countdown to 32892
[11:01:14.805] [SEVERE ] key 87 was pressed by player 1
[11:01:14.805] [SEVERE ] player 1 placing token on slot 1
[11:01:14.877] [SEVERE ] updating countdown to 31878
[11:01:15.143] [SEVERE ] key 82 was pressed by player 1
[11:01:15.144] [SEVERE ] player 1 placing token on slot 3
[11:01:15.474] [SEVERE ] key 86 was pressed by player 1
[11:01:15.475] [SEVERE ] player 1 placing token on slot 11
[11:01:15.475] [SEVERE ] updating countdown to 31280
[11:01:15.475] [SEVERE ] removing tokens from slot 11
[11:01:15.492] [SEVERE ] removing card from slot 11
[11:01:15.492] [SEVERE ] removing tokens from slot 3
[11:01:15.508] [SEVERE ] removing card from slot 3
[11:01:15.508] [SEVERE ] removing tokens from slot 1
[11:01:15.523] [SEVERE ] removing card from slot 1
[11:01:15.539] [SEVERE ] placing card 54 in slot 11
[11:01:15.555] [SEVERE ] placing card 47 in slot 3
[11:01:15.571] [SEVERE ] placing card 11 in slot 1
[11:01:15.571] [SEVERE ] updating countdown to 35000
[11:01:15.571] [SEVERE ] setting player 1 freeze to 2
[11:01:15.574] [SEVERE ] setting player 1 score to 6
[11:01:15.574] [SEVERE ] setting player 1 freeze to 0
[11:01:16.669] [SEVERE ] updating countdown to 33902
[11:01:17.677] [SEVERE ] updating countdown to 32894
[11:01:18.682] [SEVERE ] updating countdown to 31889
[11:01:19.697] [SEVERE ] updating countdown to 30874
[11:01:20.704] [SEVERE ] updating countdown to 29867
[11:01:21.713] [SEVERE ] updating countdown to 28858
[11:01:22.725] [SEVERE ] updating countdown to 27846
[11:01:23.731] [SEVERE ] updating countdown to 26840
[11:01:24.738] [SEVERE ] updating countdown to 25833
[11:01:25.749] [SEVERE ] updating countdown to 24822
[11:01:26.751] [SEVERE ] updating countdown to 23820
[11:01:27.752] [SEVERE ] updating countdown to 22819
[11:01:28.762] [SEVERE ] updating countdown to 21809
[11:01:29.767] [SEVERE ] updating countdown to 20804
[11:01:30.781] [SEVERE ] updating countdown to 19790
[11:01:31.785] [SEVERE ] updating countdown to 18786
[11:01:32.787] [SEVERE ] updating countdown to 17784
[11:01:33.803] [SEVERE ] updating countdown to 16768
[11:01:34.806] [SEVERE ] updating countdown to 15765
[11:01:35.810] [SEVERE ] updating countdown to 14761
[11:01:36.811] [SEVERE ] updating countdown to 13760
[11:01:37.812] [SEVERE ] updating countdown to 12759
[11:01:38.821] [SEVERE ] updating countdown to 11750
[11:01:39.822] [SEVERE ] updating countdown to 10749
[11:01:40.837] [SEVERE ] updating countdown to 9734
[11:01:41.843] [SEVERE ] updating countdown to 8728
[11:01:42.849] [SEVERE ] updating countdown to 7722
[11:01:43.862] [SEVERE ] updating countdown to 6709
[11:01:44.874] [SEVERE ] updating countdown to 5697
[11:01:45.876] [SEVERE ] updating countdown to 4695
[11:01:46.885] [SEVERE ] updating countdown to 3686
[11:01:47.890] [SEVERE ] updating countdown to 2681
[11:01:48.896] [SEVERE ] updating countdown to 1675
[11:01:49.909] [SEVERE ] updating countdown to 662
[11:01:50.921] [SEVERE ] updating countdown to -350
[11:01:50.921] [SEVERE ] updating countdown to 35500
[11:01:50.921] [SEVERE ] removing all tokens
[11:01:50.937] [SEVERE ] removing card from slot 2
[11:01:50.953] [SEVERE ] removing card from slot 6
[11:01:50.985] [SEVERE ] removing card from slot 10
[11:01:51.000] [SEVERE ] removing card from slot 1
[11:01:51.016] [SEVERE ] removing card from slot 3
[11:01:51.032] [SEVERE ] removing card from slot 0
[11:01:51.048] [SEVERE ] removing card from slot 8
[11:01:51.063] [SEVERE ] removing card from slot 5
[11:01:51.079] [SEVERE ] removing card from slot 11
[11:01:51.095] [SEVERE ] removing card from slot 7
[11:01:51.111] [SEVERE ] removing card from slot 9
[11:01:51.126] [SEVERE ] removing card from slot 4
[11:01:51.142] [SEVERE ] placing card 11 in slot 6
[11:01:51.158] [SEVERE ] placing card 66 in slot 10
[11:01:51.173] [SEVERE ] placing card 34 in slot 3
[11:01:51.189] [SEVERE ] placing card 39 in slot 2
[11:01:51.204] [SEVERE ] placing card 1 in slot 9
[11:01:51.219] [SEVERE ] placing card 49 in slot 5
[11:01:51.234] [SEVERE ] placing card 53 in slot 8
[11:01:51.250] [SEVERE ] placing card 65 in slot 11
[11:01:51.266] [SEVERE ] placing card 29 in slot 4
[11:01:51.281] [SEVERE ] placing card 35 in slot 7
[11:01:51.297] [SEVERE ] placing card 7 in slot 0
[11:01:51.312] [SEVERE ] placing card 24 in slot 1
[11:01:51.312] [SEVERE ] updating countdown to 35000
[11:01:52.328] [SEVERE ] updating countdown to 34484
[11:01:53.333] [SEVERE ] updating countdown to 33479
[11:01:54.337] [SEVERE ] updating countdown to 32475
[11:01:55.337] [SEVERE ] updating countdown to 31475
[11:01:56.350] [SEVERE ] updating countdown to 30462
[11:01:57.366] [SEVERE ] updating countdown to 29446
[11:01:58.372] [SEVERE ] updating countdown to 28440
[11:01:59.385] [SEVERE ] updating countdown to 27427
[11:02:00.398] [SEVERE ] updating countdown to 26414
[11:02:01.412] [SEVERE ] updating countdown to 25400
[11:02:02.420] [SEVERE ] updating countdown to 24392
[11:02:03.429] [SEVERE ] updating countdown to 23383
[11:02:04.443] [SEVERE ] updating countdown to 22369
[11:02:05.453] [SEVERE ] updating countdown to 21359
[11:02:06.455] [SEVERE ] updating countdown to 20357
[11:02:07.466] [SEVERE ] updating countdown to 19346
[11:02:08.471] [SEVERE ] updating countdown to 18341
[11:02:09.486] [SEVERE ] updating countdown to 17326
[11:02:10.488] [SEVERE ] updating countdown to 16324
[11:02:11.500] [SEVERE ] updating countdown to 15312
[11:02:12.512] [SEVERE ] updating countdown to 14300
[11:02:13.519] [SEVERE ] updating countdown to 13293
[11:02:14.521] [SEVERE ] updating countdown to 12291
[11:02:15.523] [SEVERE ] updating countdown to 11289
[11:02:16.532] [SEVERE ] updating countdown to 10280
[11:02:17.545] [SEVERE ] updating countdown to 9267
[11:02:18.558] [SEVERE ] updating countdown to 8254
[11:02:19.573] [SEVERE ] updating countdown to 7239
[11:02:20.586] [SEVERE ] updating countdown to 6226
[11:02:21.599] [SEVERE ] updating countdown to 5213
[11:02:22.599] [SEVERE ] updating countdown to 4213
[11:02:23.612] [SEVERE ] updating countdown to 3200
[11:02:24.617] [SEVERE ] updating countdown to 2195
[11:02:25.619] [SEVERE ] updating countdown to 1193
[11:02:26.625] [SEVERE ] updating countdown to 187
[11:02:27.636] [SEVERE ] updating countdown to -824
[11:02:27.637] [SEVERE ] updating countdown to 35500
[11:02:27.638] [SEVERE ] removing all tokens
[11:02:27.652] [SEVERE ] removing card from slot 3
[11:02:27.668] [SEVERE ] removing card from slot 8
[11:02:27.684] [SEVERE ] removing card from slot 2
[11:02:27.700] [SEVERE ] removing card from slot 10
[11:02:27.715] [SEVERE ] removing card from slot 6
[11:02:27.731] [SEVERE ] removing card from slot 0
[11:02:27.747] [SEVERE ] removing card from slot 7
[11:02:27.762] [SEVERE ] removing card from slot 1
[11:02:27.778] [SEVERE ] removing card from slot 9
[11:02:27.793] [SEVERE ] removing card from slot 5
[11:02:27.809] [SEVERE ] removing card from slot 11
[11:02:27.824] [SEVERE ] removing card from slot 4
[11:02:27.840] [SEVERE ] placing card 25 in slot 4
[11:02:27.855] [SEVERE ] placing card 12 in slot 5
[11:02:27.871] [SEVERE ] placing card 54 in slot 11
[11:02:27.886] [SEVERE ] placing card 7 in slot 6
[11:02:27.901] [SEVERE ] placing card 36 in slot 0
[11:02:27.917] [SEVERE ] placing card 14 in slot 9
[11:02:27.933] [SEVERE ] placing card 18 in slot 2
[11:02:27.948] [SEVERE ] placing card 76 in slot 10
[11:02:27.963] [SEVERE ] placing card 73 in slot 8
[11:02:27.979] [SEVERE ] placing card 52 in slot 1
[11:02:27.994] [SEVERE ] placing card 68 in slot 3
[11:02:28.010] [SEVERE ] placing card 21 in slot 7
[11:02:28.010] [SEVERE ] updating countdown to 35000
[11:02:29.025] [SEVERE ] updating countdown to 34485
[11:02:30.027] [SEVERE ] updating countdown to 33483
[11:02:31.041] [SEVERE ] updating countdown to 32469
[11:02:32.055] [SEVERE ] updating countdown to 31455
[11:02:33.061] [SEVERE ] updating countdown to 30449
[11:02:34.076] [SEVERE ] updating countdown to 29434
[11:02:35.077] [SEVERE ] updating countdown to 28433
[11:02:36.085] [SEVERE ] updating countdown to 27425
[11:02:37.100] [SEVERE ] updating countdown to 26410
[11:02:38.105] [SEVERE ] updating countdown to 25405
[11:02:39.114] [SEVERE ] updating countdown to 24396
[11:02:40.128] [SEVERE ] updating countdown to 23382
[11:02:41.136] [SEVERE ] updating countdown to 22374
[11:02:42.144] [SEVERE ] updating countdown to 21366
[11:02:43.159] [SEVERE ] updating countdown to 20351
[11:02:44.169] [SEVERE ] updating countdown to 19341
[11:02:45.179] [SEVERE ] updating countdown to 18331
[11:02:46.189] [SEVERE ] updating countdown to 17321
[11:02:47.196] [SEVERE ] updating countdown to 16314
[11:02:48.205] [SEVERE ] updating countdown to 15305
[11:02:49.215] [SEVERE ] updating countdown to 14295
[11:02:50.224] [SEVERE ] updating countdown to 13286
[11:02:51.238] [SEVERE ] updating countdown to 12272
[11:02:52.241] [SEVERE ] updating countdown to 11269
[11:02:53.246] [SEVERE ] updating countdown to 10264
[11:02:54.248] [SEVERE ] updating countdown to 9262
[11:02:55.260] [SEVERE ] updating countdown to 8250
[11:02:56.274] [SEVERE ] updating countdown to 7236
[11:02:57.274] [SEVERE ] updating countdown to 6236
[11:02:58.278] [SEVERE ] updating countdown to 5232
[11:02:59.291] [SEVERE ] updating countdown to 4219
[11:03:00.298] [SEVERE ] updating countdown to 3212
[11:03:01.308] [SEVERE ] updating countdown to 2202
[11:03:02.323] [SEVERE ] updating countdown to 1187
[11:03:03.331] [SEVERE ] updating countdown to 179
[11:03:04.346] [SEVERE ] updating countdown to -836
[11:03:04.346] [SEVERE ] updating countdown to 35500
[11:03:04.346] [SEVERE ] removing all tokens
[11:03:04.361] [SEVERE ] removing card from slot 8
[11:03:04.377] [SEVERE ] removing card from slot 10
[11:03:04.392] [SEVERE ] removing card from slot 4
[11:03:04.408] [SEVERE ] removing card from slot 11
[11:03:04.423] [SEVERE ] removing card from slot 0
[11:03:04.438] [SEVERE ] removing card from slot 7
[11:03:04.454] [SEVERE ] removing card from slot 6
[11:03:04.469] [SEVERE ] removing card from slot 9
[11:03:04.484] [SEVERE ] removing card from slot 2
[11:03:04.500] [SEVERE ] removing card from slot 1
[11:03:04.515] [SEVERE ] removing card from slot 5
[11:03:04.531] [SEVERE ] removing card from slot 3
[11:03:04.546] [SEVERE ] placing card 47 in slot 11
[11:03:04.561] [SEVERE ] placing card 70 in slot 8
[11:03:04.577] [SEVERE ] placing card 48 in slot 1
[11:03:04.592] [SEVERE ] placing card 32 in slot 6
[11:03:04.607] [SEVERE ] placing card 38 in slot 9
[11:03:04.623] [SEVERE ] placing card 77 in slot 3
[11:03:04.638] [SEVERE ] placing card 53 in slot 2
[11:03:04.654] [SEVERE ] placing card 30 in slot 0
[11:03:04.670] [SEVERE ] placing card 19 in slot 10
[11:03:04.686] [SEVERE ] placing card 8 in slot 5
[11:03:04.702] [SEVERE ] placing card 14 in slot 4
[11:03:04.718] [SEVERE ] placing card 57 in slot 7
[11:03:04.718] [SEVERE ] updating countdown to 35000
[11:03:05.725] [SEVERE ] updating countdown to 34493
[11:03:06.734] [SEVERE ] updating countdown to 33484
[11:03:07.750] [SEVERE ] updating countdown to 32468
[11:03:08.760] [SEVERE ] updating countdown to 31458
[11:03:09.765] [SEVERE ] updating countdown to 30453
[11:03:10.766] [SEVERE ] updating countdown to 29452
[11:03:11.775] [SEVERE ] updating countdown to 28443
[11:03:12.787] [SEVERE ] updating countdown to 27431
[11:03:13.789] [SEVERE ] updating countdown to 26429
[11:03:14.793] [SEVERE ] updating countdown to 25425
[11:03:15.804] [SEVERE ] updating countdown to 24414
[11:03:16.818] [SEVERE ] updating countdown to 23400
[11:03:17.831] [SEVERE ] updating countdown to 22387
[11:03:18.846] [SEVERE ] updating countdown to 21372
[11:03:19.848] [SEVERE ] updating countdown to 20370
[11:03:20.859] [SEVERE ] updating countdown to 19359
[11:03:21.872] [SEVERE ] updating countdown to 18346
[11:03:22.873] [SEVERE ] updating countdown to 17345
[11:03:23.880] [SEVERE ] updating countdown to 16338
[11:03:24.887] [SEVERE ] updating countdown to 15331
[11:03:25.900] [SEVERE ] updating countdown to 14318
[11:03:26.903] [SEVERE ] updating countdown to 13315
[11:03:27.912] [SEVERE ] updating countdown to 12306
[11:03:28.922] [SEVERE ] updating countdown to 11296
[11:03:29.927] [SEVERE ] updating countdown to 10291
[11:03:30.940] [SEVERE ] updating countdown to 9278
[11:03:31.946] [SEVERE ] updating countdown to 8272
[11:03:32.949] [SEVERE ] updating countdown to 7269
[11:03:33.959] [SEVERE ] updating countdown to 6259
[11:03:34.965] [SEVERE ] updating countdown to 5253
[11:03:35.966] [SEVERE ] updating countdown to 4252
[11:03:36.974] [SEVERE ] updating countdown to 3244
[11:03:37.989] [SEVERE ] updating countdown to 2229
[11:03:38.994] [SEVERE ] updating countdown to 1224
[11:03:40.009] [SEVERE ] updating countdown to 209
[11:03:41.018] [SEVERE ] updating countdown to -800
[11:03:41.018] [SEVERE ] updating countdown to 35500
[11:03:41.019] [SEVERE ] removing all tokens
[11:03:41.034] [SEVERE ] removing card from slot 8
[11:03:41.050] [SEVERE ] removing card from slot 6
[11:03:41.080] [SEVERE ] removing card from slot 3
[11:03:41.096] [SEVERE ] removing card from slot 10
[11:03:41.128] [SEVERE ] removing card from slot 4
[11:03:41.159] [SEVERE ] removing card from slot 11
[11:03:41.175] [SEVERE ] removing card from slot 1
[11:03:41.205] [SEVERE ] removing card from slot 7
[11:03:41.236] [SEVERE ] removing card from slot 9
[11:03:41.265] [SEVERE ] removing card from slot 0
[11:03:41.297] [SEVERE ] removing card from slot 2
[11:03:41.328] [SEVERE ] removing card from slot 5
[11:03:41.359] [SEVERE ] placing card 68 in slot 4
[11:03:41.375] [SEVERE ] placing card 7 in slot 10
[11:03:41.421] [SEVERE ] placing card 69 in slot 7
[11:03:41.436] [SEVERE ] placing card 41 in slot 0
[11:03:41.452] [SEVERE ] placing card 36 in slot 1
[11:03:41.468] [SEVERE ] placing card 12 in slot 6
[11:03:41.482] [SEVERE ] placing card 77 in slot 9
[11:03:41.513] [SEVERE ] placing card 20 in slot 8
[11:03:41.560] [SEVERE ] placing card 37 in slot 5
[11:03:41.591] [SEVERE ] placing card 5 in slot 11
[11:03:41.639] [SEVERE ] placing card 25 in slot 2
[11:03:41.702] [SEVERE ] placing card 40 in slot 3
[11:03:41.732] [SEVERE ] updating countdown to 35000
[11:03:42.744] [SEVERE ] updating countdown to 34488
[11:03:43.759] [SEVERE ] updating countdown to 33473
[11:03:44.760] [SEVERE ] updating countdown to 32472
[11:03:45.766] [SEVERE ] updating countdown to 31466
[11:03:46.781] [SEVERE ] updating countdown to 30451
[11:03:47.795] [SEVERE ] updating countdown to 29437
[11:03:48.801] [SEVERE ] updating countdown to 28431
[11:03:49.814] [SEVERE ] updating countdown to 27418
[11:03:50.828] [SEVERE ] updating countdown to 26404
[11:03:51.833] [SEVERE ] updating countdown to 25399
[11:03:52.834] [SEVERE ] updating countdown to 24398
[11:03:53.836] [SEVERE ] updating countdown to 23396
[11:03:54.843] [SEVERE ] updating countdown to 22389
[11:03:55.856] [SEVERE ] updating countdown to 21376
[11:03:56.872] [SEVERE ] updating countdown to 20360
[11:03:57.881] [SEVERE ] updating countdown to 19351
[11:03:58.897] [SEVERE ] updating countdown to 18335
[11:03:59.909] [SEVERE ] updating countdown to 17323
[11:04:00.845] [SEVERE ] key 65 was pressed by player 1
[11:04:00.846] [SEVERE ] player 1 placing token on slot 4
[11:04:00.919] [SEVERE ] updating countdown to 16313
[11:04:01.465] [SEVERE ] key 68 was pressed by player 1
[11:04:01.465] [SEVERE ] player 1 placing token on slot 6
[11:04:01.926] [SEVERE ] updating countdown to 15306
[11:04:02.562] [SEVERE ] key 82 was pressed by player 1
[11:04:02.563] [SEVERE ] player 1 placing token on slot 3
[11:04:02.564] [SEVERE ] updating countdown to 14668
[11:04:02.566] [SEVERE ] removing tokens from slot 3
[11:04:02.579] [SEVERE ] removing card from slot 3
[11:04:02.579] [SEVERE ] removing tokens from slot 6
[11:04:02.595] [SEVERE ] removing card from slot 6
[11:04:02.616] [SEVERE ] removing tokens from slot 4
[11:04:02.641] [SEVERE ] removing card from slot 4
[11:04:02.688] [SEVERE ] placing card 35 in slot 3
[11:04:02.704] [SEVERE ] placing card 30 in slot 6
[11:04:02.750] [SEVERE ] placing card 61 in slot 4
[11:04:02.791] [SEVERE ] updating countdown to 35000
[11:04:02.792] [SEVERE ] setting player 1 freeze to 2
[11:04:02.796] [SEVERE ] setting player 1 score to 7
[11:04:02.796] [SEVERE ] setting player 1 freeze to 0
[11:04:04.020] [SEVERE ] updating countdown to 33771
[11:04:05.031] [SEVERE ] updating countdown to 32760
[11:04:06.043] [SEVERE ] updating countdown to 31748
[11:04:07.052] [SEVERE ] updating countdown to 30739
[11:04:08.066] [SEVERE ] updating countdown to 29725
[11:04:09.076] [SEVERE ] updating countdown to 28715
[11:04:10.078] [SEVERE ] updating countdown to 27713
[11:04:11.089] [SEVERE ] updating countdown to 26702
[11:04:12.101] [SEVERE ] updating countdown to 25690
[11:04:13.112] [SEVERE ] updating countdown to 24679
[11:04:14.119] [SEVERE ] updating countdown to 23672
[11:04:15.130] [SEVERE ] updating countdown to 22661
[11:04:16.145] [SEVERE ] updating countdown to 21646
[11:04:17.157] [SEVERE ] updating countdown to 20634
[11:04:18.171] [SEVERE ] updating countdown to 19620
[11:04:19.183] [SEVERE ] updating countdown to 18608
[11:04:20.197] [SEVERE ] updating countdown to 17594
[11:04:21.211] [SEVERE ] updating countdown to 16580
[11:04:22.216] [SEVERE ] updating countdown to 15575
[11:04:23.217] [SEVERE ] updating countdown to 14574
[11:04:24.224] [SEVERE ] updating countdown to 13567
[11:04:25.239] [SEVERE ] updating countdown to 12552
[11:04:26.250] [SEVERE ] updating countdown to 11541
[11:04:27.263] [SEVERE ] updating countdown to 10528
[11:04:28.277] [SEVERE ] updating countdown to 9514
[11:04:29.284] [SEVERE ] updating countdown to 8507
[11:04:30.292] [SEVERE ] updating countdown to 7499
[11:04:31.299] [SEVERE ] updating countdown to 6492
[11:04:32.304] [SEVERE ] updating countdown to 5487
[11:04:33.319] [SEVERE ] updating countdown to 4472
[11:04:34.332] [SEVERE ] updating countdown to 3459
[11:04:35.339] [SEVERE ] updating countdown to 2452
[11:04:36.352] [SEVERE ] updating countdown to 1439
[11:04:37.366] [SEVERE ] updating countdown to 425
[11:04:38.381] [SEVERE ] updating countdown to -590
[11:04:38.381] [SEVERE ] updating countdown to 35500
[11:04:38.381] [SEVERE ] removing all tokens
[11:04:38.397] [SEVERE ] removing card from slot 3
[11:04:38.413] [SEVERE ] removing card from slot 11
[11:04:38.429] [SEVERE ] removing card from slot 7
[11:04:38.445] [SEVERE ] removing card from slot 0
[11:04:38.461] [SEVERE ] removing card from slot 5
[11:04:38.477] [SEVERE ] removing card from slot 9
[11:04:38.493] [SEVERE ] removing card from slot 10
[11:04:38.509] [SEVERE ] removing card from slot 1
[11:04:38.525] [SEVERE ] removing card from slot 2
[11:04:38.540] [SEVERE ] removing card from slot 8
[11:04:38.556] [SEVERE ] removing card from slot 6
[11:04:38.572] [SEVERE ] removing card from slot 4
[11:04:38.588] [SEVERE ] placing card 27 in slot 4
[11:04:38.604] [SEVERE ] placing card 9 in slot 5
[11:04:38.620] [SEVERE ] placing card 74 in slot 6
[11:04:38.636] [SEVERE ] placing card 2 in slot 8
[11:04:38.652] [SEVERE ] placing card 3 in slot 10
[11:04:38.667] [SEVERE ] placing card 7 in slot 1
[11:04:38.683] [SEVERE ] placing card 10 in slot 2
[11:04:38.699] [SEVERE ] placing card 14 in slot 7
[11:04:38.715] [SEVERE ] placing card 52 in slot 9
[11:04:38.731] [SEVERE ] placing card 49 in slot 11
[11:04:38.747] [SEVERE ] placing card 39 in slot 0
[11:04:38.763] [SEVERE ] placing card 48 in slot 3
[11:04:38.764] [SEVERE ] updating countdown to 35000
[11:04:39.773] [SEVERE ] updating countdown to 34491
[11:04:40.782] [SEVERE ] updating countdown to 33482
[11:04:41.795] [SEVERE ] updating countdown to 32469
[11:04:42.800] [SEVERE ] updating countdown to 31464
[11:04:43.813] [SEVERE ] updating countdown to 30451
[11:04:44.827] [SEVERE ] updating countdown to 29437
[11:04:45.839] [SEVERE ] updating countdown to 28425
[11:04:46.853] [SEVERE ] updating countdown to 27411
[11:04:47.865] [SEVERE ] updating countdown to 26399
[11:04:48.875] [SEVERE ] updating countdown to 25389
[11:04:49.875] [SEVERE ] updating countdown to 24389
[11:04:50.882] [SEVERE ] updating countdown to 23382
[11:04:51.888] [SEVERE ] updating countdown to 22376
[11:04:52.901] [SEVERE ] updating countdown to 21363
[11:04:53.912] [SEVERE ] updating countdown to 20352
[11:04:54.916] [SEVERE ] updating countdown to 19348
[11:04:55.928] [SEVERE ] updating countdown to 18336
[11:04:56.943] [SEVERE ] updating countdown to 17321
[11:04:57.952] [SEVERE ] updating countdown to 16312
[11:04:58.954] [SEVERE ] updating countdown to 15310
[11:04:59.958] [SEVERE ] updating countdown to 14306
[11:05:00.967] [SEVERE ] updating countdown to 13297
[11:05:01.978] [SEVERE ] updating countdown to 12286
[11:05:02.982] [SEVERE ] updating countdown to 11282
[11:05:03.996] [SEVERE ] updating countdown to 10268
[11:05:05.002] [SEVERE ] updating countdown to 9262
[11:05:06.010] [SEVERE ] updating countdown to 8254
[11:05:06.699] [SEVERE ] exit button pressed
[11:05:06.699] [INFO   ] Thread 1 terminated.
[11:05:06.699] [INFO   ] Thread 0 terminated.
[11:05:07.013] [SEVERE ] updating countdown to 7251
[11:05:07.013] [SEVERE ] updating countdown to 35500
[11:05:07.013] [SEVERE ] removing all tokens
[11:05:07.028] [SEVERE ] removing card from slot 3
[11:05:07.044] [SEVERE ] removing card from slot 2
[11:05:07.059] [SEVERE ] removing card from slot 8
[11:05:07.074] [SEVERE ] removing card from slot 6
[11:05:07.090] [SEVERE ] removing card from slot 1
[11:05:07.106] [SEVERE ] removing card from slot 11
[11:05:07.121] [SEVERE ] removing card from slot 7
[11:05:07.137] [SEVERE ] removing card from slot 0
[11:05:07.152] [SEVERE ] removing card from slot 5
[11:05:07.167] [SEVERE ] removing card from slot 10
[11:05:07.183] [SEVERE ] removing card from slot 4
[11:05:07.199] [SEVERE ] removing card from slot 9
[11:05:07.199] [SEVERE ] announcing winner(s): player 1
[11:05:07.201] [INFO   ] Thread dealer terminated.
[11:05:07.201] [INFO   ] thread dealer terminated.
[11:05:07.201] [SEVERE ] thanks for playing... it was fun!
[11:05:07.202] [INFO   ] thread main terminated.
