[10:28:06.357] [INFO   ] thread main starting.
[10:28:06.363] [SEVERE ] cannot read configuration file config.properties trying from resources.
[10:28:06.365] [SEVERE ] configuration file was loaded from resources directory.
[10:28:07.248] [INFO   ] thread dealer starting.
[10:28:07.249] [INFO   ] Thread dealer starting.
[10:28:07.278] [SEVERE ] placing card 53 in slot 11
[10:28:07.293] [SEVERE ] placing card 58 in slot 8
[10:28:07.309] [SEVERE ] placing card 25 in slot 6
[10:28:07.325] [SEVERE ] placing card 57 in slot 4
[10:28:07.386] [SEVERE ] placing card 66 in slot 0
[10:28:07.402] [SEVERE ] placing card 28 in slot 3
[10:28:07.416] [SEVERE ] placing card 40 in slot 9
[10:28:07.432] [SEVERE ] placing card 78 in slot 2
[10:28:07.448] [SEVERE ] placing card 73 in slot 1
[10:28:07.464] [SEVERE ] placing card 0 in slot 10
[10:28:07.480] [SEVERE ] placing card 48 in slot 7
[10:28:07.496] [SEVERE ] placing card 63 in slot 5
[10:28:07.504] [SEVERE ] updating countdown to 6000
[10:28:07.505] [INFO   ] Thread 0starting.
[10:28:07.505] [INFO   ] Thread 1starting.
[10:28:08.520] [SEVERE ] updating countdown to 5486
[10:28:09.533] [SEVERE ] updating countdown to 4473
[10:28:10.546] [SEVERE ] updating countdown to 3460
[10:28:11.547] [SEVERE ] updating countdown to 2459
[10:28:12.550] [SEVERE ] updating countdown to 1456
[10:28:13.562] [SEVERE ] updating countdown to 444
[10:28:14.574] [SEVERE ] updating countdown to -568
[10:28:14.575] [SEVERE ] updating countdown to 6500
[10:28:14.577] [SEVERE ] removing all tokens
[10:28:14.590] [SEVERE ] removing card from slot 10
[10:28:14.606] [SEVERE ] removing card from slot 3
[10:28:14.622] [SEVERE ] removing card from slot 9
[10:28:14.638] [SEVERE ] removing card from slot 2
[10:28:14.654] [SEVERE ] removing card from slot 0
[10:28:14.670] [SEVERE ] removing card from slot 1
[10:28:14.686] [SEVERE ] removing card from slot 8
[10:28:14.702] [SEVERE ] removing card from slot 11
[10:28:14.718] [SEVERE ] removing card from slot 6
[10:28:14.734] [SEVERE ] removing card from slot 4
[10:28:14.750] [SEVERE ] removing card from slot 5
[10:28:14.766] [SEVERE ] removing card from slot 7
[10:28:14.782] [SEVERE ] placing card 63 in slot 4
[10:28:14.797] [SEVERE ] placing card 51 in slot 9
[10:28:14.813] [SEVERE ] placing card 75 in slot 5
[10:28:14.829] [SEVERE ] placing card 52 in slot 6
[10:28:14.845] [SEVERE ] placing card 72 in slot 7
[10:28:14.861] [SEVERE ] placing card 33 in slot 1
[10:28:14.877] [SEVERE ] placing card 3 in slot 10
[10:28:14.892] [SEVERE ] placing card 1 in slot 11
[10:28:14.907] [SEVERE ] placing card 43 in slot 0
[10:28:14.923] [SEVERE ] placing card 80 in slot 3
[10:28:14.939] [SEVERE ] placing card 65 in slot 8
[10:28:14.955] [SEVERE ] placing card 12 in slot 2
[10:28:14.955] [SEVERE ] updating countdown to 6000
[10:28:15.957] [SEVERE ] updating countdown to 5498
[10:28:16.966] [SEVERE ] updating countdown to 4489
[10:28:17.409] [SEVERE ] exit button pressed
[10:28:17.409] [INFO   ] Thread 1 terminated.
[10:28:17.979] [SEVERE ] updating countdown to 3476
[10:28:18.988] [SEVERE ] updating countdown to 2467
[10:28:19.767] [SEVERE ] exit button pressed
[10:28:20.000] [SEVERE ] updating countdown to 1455
[10:28:21.001] [SEVERE ] updating countdown to 454
[10:28:21.411] [SEVERE ] exit button pressed
[10:28:22.006] [SEVERE ] updating countdown to -551
[10:28:22.006] [SEVERE ] updating countdown to 6500
[10:28:22.006] [SEVERE ] removing all tokens
[10:28:22.020] [SEVERE ] removing card from slot 6
[10:28:22.035] [SEVERE ] removing card from slot 10
[10:28:22.050] [SEVERE ] removing card from slot 11
[10:28:22.065] [SEVERE ] removing card from slot 2
[10:28:22.081] [SEVERE ] removing card from slot 3
[10:28:22.096] [SEVERE ] removing card from slot 8
[10:28:22.111] [SEVERE ] removing card from slot 0
[10:28:22.127] [SEVERE ] removing card from slot 5
[10:28:22.142] [SEVERE ] removing card from slot 7
[10:28:22.157] [SEVERE ] removing card from slot 1
[10:28:22.173] [SEVERE ] removing card from slot 9
[10:28:22.189] [SEVERE ] removing card from slot 4
[10:28:22.204] [SEVERE ] placing card 21 in slot 8
[10:28:22.220] [SEVERE ] placing card 53 in slot 6
[10:28:22.236] [SEVERE ] placing card 59 in slot 0
[10:28:22.251] [SEVERE ] placing card 55 in slot 10
[10:28:22.267] [SEVERE ] placing card 7 in slot 9
[10:28:22.298] [SEVERE ] placing card 16 in slot 3
[10:28:22.313] [SEVERE ] placing card 17 in slot 5
[10:28:22.328] [SEVERE ] placing card 41 in slot 1
[10:28:22.344] [SEVERE ] placing card 35 in slot 11
[10:28:22.360] [SEVERE ] placing card 46 in slot 7
[10:28:22.376] [SEVERE ] placing card 54 in slot 2
[10:28:22.391] [SEVERE ] placing card 12 in slot 4
[10:28:22.401] [SEVERE ] updating countdown to 6000
[10:28:23.407] [SEVERE ] updating countdown to 5495
[10:28:23.463] [SEVERE ] exit button pressed
[10:28:24.418] [SEVERE ] updating countdown to 4484
[10:28:25.433] [SEVERE ] updating countdown to 3469
[10:28:26.443] [SEVERE ] updating countdown to 2459
[10:28:27.457] [SEVERE ] updating countdown to 1445
[10:28:28.472] [SEVERE ] updating countdown to 430
[10:28:29.487] [SEVERE ] updating countdown to -585
[10:28:29.487] [SEVERE ] updating countdown to 6500
[10:28:29.488] [SEVERE ] removing all tokens
[10:28:29.503] [SEVERE ] removing card from slot 3
[10:28:29.519] [SEVERE ] removing card from slot 2
[10:28:29.534] [SEVERE ] removing card from slot 10
[10:28:29.550] [SEVERE ] removing card from slot 11
[10:28:29.565] [SEVERE ] removing card from slot 6
[10:28:29.580] [SEVERE ] removing card from slot 4
[10:28:29.595] [SEVERE ] removing card from slot 9
[10:28:29.611] [SEVERE ] removing card from slot 5
[10:28:29.627] [SEVERE ] removing card from slot 8
[10:28:29.643] [SEVERE ] removing card from slot 7
[10:28:29.659] [SEVERE ] removing card from slot 1
[10:28:29.674] [SEVERE ] removing card from slot 0
[10:28:29.690] [SEVERE ] placing card 67 in slot 6
[10:28:29.705] [SEVERE ] placing card 66 in slot 0
[10:28:29.721] [SEVERE ] placing card 61 in slot 5
[10:28:29.737] [SEVERE ] placing card 49 in slot 10
[10:28:29.753] [SEVERE ] placing card 19 in slot 3
[10:28:29.769] [SEVERE ] placing card 56 in slot 9
[10:28:29.785] [SEVERE ] placing card 20 in slot 2
[10:28:29.800] [SEVERE ] placing card 10 in slot 7
[10:28:29.816] [SEVERE ] placing card 77 in slot 8
[10:28:29.831] [SEVERE ] placing card 23 in slot 11
[10:28:29.847] [SEVERE ] placing card 36 in slot 4
[10:28:29.862] [SEVERE ] placing card 24 in slot 1
[10:28:29.862] [SEVERE ] updating countdown to 6000
[10:28:30.586] [SEVERE ] exit button pressed
[10:28:30.878] [SEVERE ] updating countdown to 5484
[10:28:31.500] [SEVERE ] exit button pressed
[10:28:31.890] [SEVERE ] updating countdown to 4472
[10:28:32.894] [SEVERE ] updating countdown to 3468
[10:28:33.905] [SEVERE ] updating countdown to 2457
[10:28:34.915] [SEVERE ] updating countdown to 1447
[10:28:35.924] [SEVERE ] updating countdown to 438
[10:28:36.027] [SEVERE ] exit button pressed
[10:28:36.938] [SEVERE ] updating countdown to -576
[10:28:36.938] [SEVERE ] updating countdown to 6500
[10:28:36.938] [SEVERE ] removing all tokens
[10:28:36.953] [SEVERE ] removing card from slot 4
[10:28:36.969] [SEVERE ] removing card from slot 11
[10:28:36.984] [SEVERE ] removing card from slot 10
[10:28:36.999] [SEVERE ] removing card from slot 0
[10:28:37.015] [SEVERE ] removing card from slot 2
[10:28:37.031] [SEVERE ] removing card from slot 8
[10:28:37.046] [SEVERE ] removing card from slot 9
[10:28:37.062] [SEVERE ] removing card from slot 5
[10:28:37.077] [SEVERE ] removing card from slot 1
[10:28:37.093] [SEVERE ] removing card from slot 3
[10:28:37.108] [SEVERE ] removing card from slot 7
[10:28:37.124] [SEVERE ] removing card from slot 6
[10:28:37.140] [SEVERE ] placing card 3 in slot 11
[10:28:37.155] [SEVERE ] placing card 63 in slot 9
[10:28:37.171] [SEVERE ] placing card 30 in slot 4
[10:28:37.187] [SEVERE ] placing card 52 in slot 3
[10:28:37.201] [SEVERE ] placing card 36 in slot 8
[10:28:37.217] [SEVERE ] placing card 4 in slot 5
[10:28:37.233] [SEVERE ] placing card 5 in slot 1
[10:28:37.248] [SEVERE ] placing card 66 in slot 0
[10:28:37.264] [SEVERE ] placing card 45 in slot 6
[10:28:37.279] [SEVERE ] placing card 37 in slot 10
[10:28:37.295] [SEVERE ] placing card 23 in slot 2
[10:28:37.310] [SEVERE ] placing card 38 in slot 7
[10:28:37.310] [SEVERE ] updating countdown to 6000
[10:28:38.322] [SEVERE ] updating countdown to 5488
[10:28:38.956] [SEVERE ] exit button pressed
[10:28:39.326] [SEVERE ] updating countdown to 4484
[10:28:39.557] [SEVERE ] exit button pressed
[10:28:40.336] [SEVERE ] updating countdown to 3474
[10:28:40.399] [SEVERE ] exit button pressed
[10:28:40.752] [SEVERE ] exit button pressed
[10:28:41.330] [SEVERE ] exit button pressed
[10:28:41.349] [SEVERE ] updating countdown to 2461
[10:28:41.658] [SEVERE ] exit button pressed
[10:28:42.209] [SEVERE ] exit button pressed
[10:28:42.357] [SEVERE ] updating countdown to 1453
[10:28:43.369] [SEVERE ] updating countdown to 441
[10:28:44.381] [SEVERE ] exit button pressed
[10:28:44.383] [SEVERE ] updating countdown to -573
[10:28:44.383] [SEVERE ] updating countdown to 6500
[10:28:44.383] [SEVERE ] removing all tokens
[10:28:44.398] [SEVERE ] removing card from slot 3
[10:28:44.414] [SEVERE ] removing card from slot 10
[10:28:44.445] [SEVERE ] removing card from slot 9
[10:28:44.460] [SEVERE ] removing card from slot 8
[10:28:44.475] [SEVERE ] removing card from slot 0
[10:28:44.490] [SEVERE ] removing card from slot 2
[10:28:44.505] [SEVERE ] removing card from slot 6
[10:28:44.521] [SEVERE ] removing card from slot 7
[10:28:44.536] [SEVERE ] removing card from slot 4
[10:28:44.552] [SEVERE ] removing card from slot 5
[10:28:44.568] [SEVERE ] removing card from slot 1
[10:28:44.583] [SEVERE ] removing card from slot 11
[10:28:44.598] [SEVERE ] placing card 23 in slot 10
[10:28:44.614] [SEVERE ] placing card 47 in slot 0
[10:28:44.629] [SEVERE ] placing card 1 in slot 5
[10:28:44.644] [SEVERE ] placing card 64 in slot 11
[10:28:44.659] [SEVERE ] placing card 11 in slot 2
[10:28:44.674] [SEVERE ] placing card 44 in slot 4
[10:28:44.689] [SEVERE ] placing card 30 in slot 1
[10:28:44.704] [SEVERE ] placing card 27 in slot 3
[10:28:44.720] [SEVERE ] placing card 41 in slot 8
[10:28:44.736] [SEVERE ] placing card 70 in slot 9
[10:28:44.751] [SEVERE ] placing card 79 in slot 7
[10:28:44.782] [SEVERE ] placing card 50 in slot 6
[10:28:44.782] [SEVERE ] exit button pressed
[10:28:44.783] [SEVERE ] updating countdown to 6000
[10:28:45.370] [SEVERE ] exit button pressed
[10:28:45.657] [SEVERE ] exit button pressed
[10:28:45.792] [SEVERE ] updating countdown to 5493
[10:28:46.401] [SEVERE ] exit button pressed
[10:28:46.756] [SEVERE ] exit button pressed
[10:28:46.794] [SEVERE ] updating countdown to 4491
[10:28:47.798] [SEVERE ] updating countdown to 3487
[10:28:48.812] [SEVERE ] updating countdown to 2473
[10:28:49.823] [SEVERE ] updating countdown to 1462
[10:28:50.072] [SEVERE ] exit button pressed
[10:28:50.838] [SEVERE ] updating countdown to 447
[10:28:51.849] [SEVERE ] updating countdown to -564
[10:28:51.849] [SEVERE ] updating countdown to 6500
[10:28:51.849] [SEVERE ] removing all tokens
[10:28:51.865] [SEVERE ] removing card from slot 3
[10:28:51.881] [SEVERE ] removing card from slot 5
[10:28:51.896] [SEVERE ] removing card from slot 2
[10:28:51.912] [SEVERE ] removing card from slot 0
[10:28:51.941] [SEVERE ] removing card from slot 9
[10:28:51.957] [SEVERE ] removing card from slot 4
[10:28:51.973] [SEVERE ] removing card from slot 7
[10:28:51.989] [SEVERE ] removing card from slot 11
[10:28:52.005] [SEVERE ] removing card from slot 6
[10:28:52.021] [SEVERE ] removing card from slot 8
[10:28:52.037] [SEVERE ] removing card from slot 10
[10:28:52.053] [SEVERE ] removing card from slot 1
[10:28:52.069] [SEVERE ] placing card 57 in slot 5
[10:28:52.084] [SEVERE ] placing card 62 in slot 11
[10:28:52.100] [SEVERE ] placing card 14 in slot 2
[10:28:52.116] [SEVERE ] placing card 61 in slot 1
[10:28:52.132] [SEVERE ] placing card 28 in slot 4
[10:28:52.148] [SEVERE ] placing card 35 in slot 9
[10:28:52.164] [SEVERE ] placing card 67 in slot 10
[10:28:52.179] [SEVERE ] placing card 70 in slot 7
[10:28:52.195] [SEVERE ] placing card 47 in slot 8
[10:28:52.210] [SEVERE ] placing card 9 in slot 3
[10:28:52.225] [SEVERE ] placing card 46 in slot 6
[10:28:52.241] [SEVERE ] placing card 76 in slot 0
[10:28:52.241] [SEVERE ] updating countdown to 6000
[10:28:53.249] [SEVERE ] updating countdown to 5492
